{
  "RSpec": {
    "coverage": {
      "/Users/Guest/Desktop/qna_ajax_rails/spec/features/add_question_pages_spec.rb": [
        1,
        1,
        1,
        1,
        null,
        1,
        null,
        1,
        null,
        1,
        null,
        1,
        1,
        1,
        1,
        1,
        1,
        1,
        1,
        null,
        null
      ],
      "/Users/Guest/Desktop/qna_ajax_rails/spec/models/answer_spec.rb": [
        1,
        null,
        1,
        2,
        2,
        null
      ],
      "/Users/Guest/Desktop/qna_ajax_rails/app/models/answer.rb": [
        1,
        1,
        1,
        1,
        null
      ],
      "/Users/Guest/Desktop/qna_ajax_rails/spec/models/question_spec.rb": [
        1,
        null,
        1,
        2,
        2,
        null
      ],
      "/Users/Guest/Desktop/qna_ajax_rails/app/models/question.rb": [
        1,
        1,
        1,
        1,
        null
      ],
      "/Users/Guest/Desktop/qna_ajax_rails/spec/requests/questions_spec.rb": [
        1,
        1,
        1
      ],
      "/Users/Guest/Desktop/qna_ajax_rails/app/controllers/questions_controller.rb": [
        1,
        1,
        5,
        5,
        null,
        null,
        1,
        2,
        2,
        null,
        null,
        1,
        2,
        2,
        null,
        null,
        1,
        2,
        2,
        null,
        2,
        3,
        2,
        null,
        null,
        0,
        null,
        null,
        null,
        1,
        0,
        0,
        null,
        null,
        1,
        0,
        0,
        0,
        null,
        0,
        null,
        null,
        null,
        1,
        0,
        0,
        0,
        null,
        null,
        null,
        1,
        1,
        2,
        null,
        null,
        null
      ],
      "/Users/Guest/Desktop/qna_ajax_rails/app/controllers/application_controller.rb": [
        1,
        1,
        null
      ],
      "/Users/Guest/Desktop/qna_ajax_rails/app/controllers/answers_controller.rb": [
        1,
        1,
        0,
        0,
        null,
        null,
        1,
        null,
        null,
        null,
        1,
        2,
        2,
        2,
        null,
        null,
        1,
        2,
        2,
        null,
        2,
        1,
        1,
        1,
        1,
        null,
        null,
        1,
        null,
        null,
        null,
        1,
        0,
        0,
        null,
        null,
        1,
        0,
        0,
        0,
        0,
        0,
        0,
        0,
        null,
        null,
        0,
        null,
        null,
        null,
        1,
        0,
        0,
        0,
        0,
        null,
        null,
        1,
        1,
        2,
        null,
        null
      ]
    },
    "timestamp": 1474408890
  }
}
